c:\users\michael\documents\visual studio 2013\projects\face\face\debug\face.pch
c:\users\michael\documents\visual studio 2013\projects\face\face\debug\vc120.pdb
c:\users\michael\documents\visual studio 2013\projects\face\face\debug\vc120.idb
c:\users\michael\documents\visual studio 2013\projects\face\face\debug\stdafx.obj
c:\users\michael\documents\visual studio 2013\projects\face\face\debug\face.obj
c:\users\michael\documents\github\face\face\debug\face.pch
c:\users\michael\documents\github\face\face\debug\vc120.pdb
c:\users\michael\documents\github\face\face\debug\vc120.idb
c:\users\michael\documents\github\face\face\debug\stdafx.obj
c:\users\michael\documents\github\face\face\debug\face.obj
c:\users\michael\documents\visual studio 2013\projects\face\debug\face.ilk
c:\users\michael\documents\visual studio 2013\projects\face\debug\face.exe
c:\users\michael\documents\visual studio 2013\projects\face\debug\face.pdb
c:\users\michael\documents\github\debug\face.ilk
c:\users\michael\documents\github\debug\face.exe
c:\users\michael\documents\github\debug\face.pdb
c:\users\michael\documents\github\face\face\debug\face.tlog\cl.command.1.tlog
c:\users\michael\documents\github\face\face\debug\face.tlog\cl.read.1.tlog
c:\users\michael\documents\github\face\face\debug\face.tlog\cl.write.1.tlog
c:\users\michael\documents\github\face\face\debug\face.tlog\link.command.1.tlog
c:\users\michael\documents\github\face\face\debug\face.tlog\link.read.1.tlog
c:\users\michael\documents\github\face\face\debug\face.tlog\link.write.1.tlog
